
Cadence Innovus(TM) Implementation System.
Copyright 2017 Cadence Design Systems, Inc. All rights reserved worldwide.

Version:	v17.11-s080_1, built Fri Aug 4 11:13:11 PDT 2017
Options:	
Date:		Sat Nov 14 18:33:49 2020
Host:		localhost.localdomain (x86_64 w/Linux 3.10.0-957.5.1.el7.x86_64) (1core*2cpus*Westmere E56xx/L56xx/X56xx (Nehalem-C) 4096KB)
OS:		CentOS Linux release 7.6.1810 (Core) 

License:
		invs	Innovus Implementation System	17.1	checkout succeeded
		8 CPU jobs allowed with the current license(s). Use setMultiCpuUsage to set your required CPU count.
Change the soft stacksize limit to 0.2%RAM (31 mbytes). Set global soft_stack_size_limit to change the value.

**INFO:  MMMC transition support version v31-84 

<CMD> set_global _enable_mmmc_by_default_flow      $CTE::mmmc_default
<CMD> suppressMessage ENCEXT-2799
<CMD> getDrawView
<CMD> loadWorkspace -name Physical
<CMD> win
<CMD> set init_design_netlisttype verilog
<CMD> set init_design_settop 1
<CMD> set init_top_cell iir
<CMD> set init_verilog ../netlist/iir.v
<CMD> set init_lef_file /software/dk/nangate45/lef/NangateOpenCellLibrary.lef
<CMD> set init_gnd_net VSS
<CMD> set init_pwr_net VDD
<CMD> set init_mmmc_file mmm_design.tcl
<CMD> init_design
#% Begin Load MMMC data ... (date=11/14 18:38:26, mem=408.9M)
#% End Load MMMC data ... (date=11/14 18:38:26, total cpu=0:00:00.0, real=0:00:00.0, peak res=409.0M, current mem=409.0M)
my_rc

Loading LEF file /software/dk/nangate45/lef/NangateOpenCellLibrary.lef ...
Set DBUPerIGU to M2 pitch 380.

viaInitial starts at Sat Nov 14 18:38:27 2020
viaInitial ends at Sat Nov 14 18:38:27 2020
Loading view definition file from mmm_design.tcl
Reading MY_LIBSET timing library '/software/dk/nangate45/liberty/NangateOpenCellLibrary_typical_ecsm_nowlm.lib' ...
**WARN: (TECHLIB-436):	Attribute 'max_fanout' on 'output/inout' pin 'ZN' of cell 'AND2_X1' is not defined in the library. (File /software/dk/nangate45/liberty/NangateOpenCellLibrary_typical_ecsm_nowlm.lib)
**WARN: (TECHLIB-436):	Attribute 'max_fanout' on 'output/inout' pin 'ZN' of cell 'AND2_X2' is not defined in the library. (File /software/dk/nangate45/liberty/NangateOpenCellLibrary_typical_ecsm_nowlm.lib)
**WARN: (TECHLIB-436):	Attribute 'max_fanout' on 'output/inout' pin 'ZN' of cell 'AND2_X4' is not defined in the library. (File /software/dk/nangate45/liberty/NangateOpenCellLibrary_typical_ecsm_nowlm.lib)
**WARN: (TECHLIB-436):	Attribute 'max_fanout' on 'output/inout' pin 'ZN' of cell 'AND3_X1' is not defined in the library. (File /software/dk/nangate45/liberty/NangateOpenCellLibrary_typical_ecsm_nowlm.lib)
**WARN: (TECHLIB-436):	Attribute 'max_fanout' on 'output/inout' pin 'ZN' of cell 'AND3_X2' is not defined in the library. (File /software/dk/nangate45/liberty/NangateOpenCellLibrary_typical_ecsm_nowlm.lib)
**WARN: (TECHLIB-436):	Attribute 'max_fanout' on 'output/inout' pin 'ZN' of cell 'AND3_X4' is not defined in the library. (File /software/dk/nangate45/liberty/NangateOpenCellLibrary_typical_ecsm_nowlm.lib)
**WARN: (TECHLIB-436):	Attribute 'max_fanout' on 'output/inout' pin 'ZN' of cell 'AND4_X1' is not defined in the library. (File /software/dk/nangate45/liberty/NangateOpenCellLibrary_typical_ecsm_nowlm.lib)
**WARN: (TECHLIB-436):	Attribute 'max_fanout' on 'output/inout' pin 'ZN' of cell 'AND4_X2' is not defined in the library. (File /software/dk/nangate45/liberty/NangateOpenCellLibrary_typical_ecsm_nowlm.lib)
**WARN: (TECHLIB-436):	Attribute 'max_fanout' on 'output/inout' pin 'ZN' of cell 'AND4_X4' is not defined in the library. (File /software/dk/nangate45/liberty/NangateOpenCellLibrary_typical_ecsm_nowlm.lib)
**WARN: (TECHLIB-436):	Attribute 'max_fanout' on 'output/inout' pin 'ZN' of cell 'AOI21_X1' is not defined in the library. (File /software/dk/nangate45/liberty/NangateOpenCellLibrary_typical_ecsm_nowlm.lib)
**WARN: (TECHLIB-436):	Attribute 'max_fanout' on 'output/inout' pin 'ZN' of cell 'AOI21_X2' is not defined in the library. (File /software/dk/nangate45/liberty/NangateOpenCellLibrary_typical_ecsm_nowlm.lib)
**WARN: (TECHLIB-436):	Attribute 'max_fanout' on 'output/inout' pin 'ZN' of cell 'AOI21_X4' is not defined in the library. (File /software/dk/nangate45/liberty/NangateOpenCellLibrary_typical_ecsm_nowlm.lib)
**WARN: (TECHLIB-436):	Attribute 'max_fanout' on 'output/inout' pin 'ZN' of cell 'AOI22_X1' is not defined in the library. (File /software/dk/nangate45/liberty/NangateOpenCellLibrary_typical_ecsm_nowlm.lib)
**WARN: (TECHLIB-436):	Attribute 'max_fanout' on 'output/inout' pin 'ZN' of cell 'AOI22_X2' is not defined in the library. (File /software/dk/nangate45/liberty/NangateOpenCellLibrary_typical_ecsm_nowlm.lib)
**WARN: (TECHLIB-436):	Attribute 'max_fanout' on 'output/inout' pin 'ZN' of cell 'AOI22_X4' is not defined in the library. (File /software/dk/nangate45/liberty/NangateOpenCellLibrary_typical_ecsm_nowlm.lib)
**WARN: (TECHLIB-436):	Attribute 'max_fanout' on 'output/inout' pin 'ZN' of cell 'AOI211_X1' is not defined in the library. (File /software/dk/nangate45/liberty/NangateOpenCellLibrary_typical_ecsm_nowlm.lib)
**WARN: (TECHLIB-436):	Attribute 'max_fanout' on 'output/inout' pin 'ZN' of cell 'AOI211_X2' is not defined in the library. (File /software/dk/nangate45/liberty/NangateOpenCellLibrary_typical_ecsm_nowlm.lib)
**WARN: (TECHLIB-436):	Attribute 'max_fanout' on 'output/inout' pin 'ZN' of cell 'AOI211_X4' is not defined in the library. (File /software/dk/nangate45/liberty/NangateOpenCellLibrary_typical_ecsm_nowlm.lib)
**WARN: (TECHLIB-436):	Attribute 'max_fanout' on 'output/inout' pin 'ZN' of cell 'AOI221_X1' is not defined in the library. (File /software/dk/nangate45/liberty/NangateOpenCellLibrary_typical_ecsm_nowlm.lib)
**WARN: (TECHLIB-436):	Attribute 'max_fanout' on 'output/inout' pin 'ZN' of cell 'AOI221_X2' is not defined in the library. (File /software/dk/nangate45/liberty/NangateOpenCellLibrary_typical_ecsm_nowlm.lib)
Message <TECHLIB-436> has exceeded the message display limit of '20'. Use 'set_message -no_limit -id list_of_msgIDs' to reset the message limit.
Read 134 cells in library 'NangateOpenCellLibrary' 
*** End library_loading (cpu=0.04min, real=0.25min, mem=19.4M, fe_cpu=0.46min, fe_real=4.88min, fe_mem=526.0M) ***
#% Begin Load netlist data ... (date=11/14 18:38:42, mem=502.3M)
*** Begin netlist parsing (mem=526.0M) ***
Created 134 new cells from 1 timing libraries.
Reading netlist ...
Backslashed names will retain backslash and a trailing blank character.
Reading verilog netlist '../netlist/iir.v'

*** Memory Usage v#1 (Current mem = 526.004M, initial mem = 187.684M) ***
*** End netlist parsing (cpu=0:00:00.1, real=0:00:01.0, mem=526.0M) ***
#% End Load netlist data ... (date=11/14 18:38:43, total cpu=0:00:00.1, real=0:00:01.0, peak res=502.3M, current mem=434.0M)
**ERROR: (IMPSYC-300):	Cell iir not found.
**ERROR: (IMPVL-904):	Can't set top cell to "iir" because it does not exist.  Exiting!

*** Memory Usage v#1 (Current mem = 526.004M, initial mem = 187.684M) ***
*** Message Summary: 20 warning(s), 3 error(s)

--- Ending "Innovus" (totcpu=0:00:28.0, real=0:04:59, mem=526.0M) ---
